Line 1: invalid data -> 1;pisun;piskasos;40,00;50;11:05:07;13600,00 ; cause: For input string: "40,00"
Line 1: invalid data -> 1;pisun;piskasos;40,00;50;11:05:07;13600,00 ; cause: For input string: "40,00"
Line 1: invalid data -> 1;pisun;piskasos;40,00;50;11:05:07;13600,00 ; cause: For input string: "40,00"
Line 1: invalid data -> 1;pisun;piskasos;40,00;50;11:05:07;13600,00 ; cause: For input string: "40,00"
Line 1: invalid data -> 2;pis;ka;31,00;50;11:05:07;13000,00 ; cause: For input string: "31,00"
Line 2: invalid data -> 1456;pisun;sasun;40,00;60;11:09:01;16000,00 ; cause: For input string: "40,00"
Line 1: invalid data -> 2;pis;ka;31,00;50;11:05:07;13000,00 ; cause: For input string: "31,00"
Line 2: invalid data -> 1456;pisun;sasun;40,00;60;11:09:01;16000,00 ; cause: For input string: "40,00"
Line 1: invalid data -> 2;pis;ka;31,00;50;11:05:07;13000,00 ; cause: For input string: "31,00"
Line 2: invalid data -> 1456;pisun;sasun;40,00;60;11:09:01;16000,00 ; cause: For input string: "40,00"
Line 1: invalid data -> 2;pis;ka;31,00;50;11:05:07;13000,00 ; cause: For input string: "31,00"
Line 2: invalid data -> 1456;pisun;sasun;40,00;60;11:09:01;16000,00 ; cause: For input string: "40,00"
Line 5: invalid data -> 1;pipa;17k;45.00;50;11:09:01;7000.00рвоы ; cause: For input string: "7000.00рвоы"
Line 5: invalid data -> 1;pipa;17k;45.00;50;11:09:01;7000.00рвоы ; cause: For input string: "7000.00рвоы"
Line 5: invalid data -> 1;pipa;17k;45.00;50;11:09:01;7000.00рвоы ; cause: For input string: "7000.00рвоы"
Line 5: invalid data -> 1;pipa;17k;45.00;50;11:09:01;7000.00рвоы ; cause: For input string: "7000.00рвоы"
Line 5: invalid data -> 1;pipa;17k;45.00;50;11:09:01;7000.00рвоы ; cause: For input string: "7000.00рвоы"
Line 5: invalid data -> 1;pipa;17k;45.00;50;11:09:01;7000.00рвоы ; cause: For input string: "7000.00рвоы"
Line 5: invalid data -> 1;pipa;17k;45.00;50;11:09:01;7000.00рвоы ; cause: For input string: "7000.00рвоы"
Line 5: invalid data -> 1;pipa;17k;45.00;50;11:09:01;7000.00рвоы ; cause: For input string: "7000.00рвоы"
Line 5: invalid data -> 1;pipa;17k;45.00;50;11:09:01;7000.00рвоы ; cause: For input string: "7000.00рвоы"
Line 1: wrong number of fields -> {
Line 2: wrong number of fields ->   "wagons": [
Line 3: wrong number of fields ->     {
Line 4: wrong number of fields ->       "id": 1337,
Line 5: wrong number of fields ->       "type": "drun",
Line 6: wrong number of fields ->       "model": "kiril",
Line 7: wrong number of fields ->       "capacity": 50.0,
Line 8: wrong number of fields ->       "seats": 100,
Line 9: wrong number of fields ->       "releaseDate": "02:01:07",
Line 10: wrong number of fields ->       "price": 1.0
Line 11: wrong number of fields ->     },
Line 12: wrong number of fields ->     {
Line 13: wrong number of fields ->       "id": 2,
Line 14: wrong number of fields ->       "type": "pis",
Line 15: wrong number of fields ->       "model": "ka",
Line 16: wrong number of fields ->       "capacity": 31.0,
Line 17: wrong number of fields ->       "seats": 50,
Line 18: wrong number of fields ->       "releaseDate": "11:05:07",
Line 19: wrong number of fields ->       "price": 13000.0
Line 20: wrong number of fields ->     },
Line 21: wrong number of fields ->     {
Line 22: wrong number of fields ->       "id": 1456,
Line 23: wrong number of fields ->       "type": "pisun",
Line 24: wrong number of fields ->       "model": "sasun",
Line 25: wrong number of fields ->       "capacity": 40.0,
Line 26: wrong number of fields ->       "seats": 60,
Line 27: wrong number of fields ->       "releaseDate": "11:09:01",
Line 28: wrong number of fields ->       "price": 16000.0
Line 29: wrong number of fields ->     },
Line 30: wrong number of fields ->     {
Line 31: wrong number of fields ->       "id": 12,
Line 32: wrong number of fields ->       "type": "bibis",
Line 33: wrong number of fields ->       "model": "13xv7",
Line 34: wrong number of fields ->       "capacity": 60.0,
Line 35: wrong number of fields ->       "seats": 10,
Line 36: wrong number of fields ->       "releaseDate": "23:07:10",
Line 37: wrong number of fields ->       "price": 60000.0
Line 38: wrong number of fields ->     }
Line 39: wrong number of fields ->   ]
Line 40: wrong number of fields -> }
Line 1: wrong number of fields -> {
Line 2: wrong number of fields ->   "wagons": [
Line 3: wrong number of fields ->     {
Line 4: wrong number of fields ->       "id": 1337,
Line 5: wrong number of fields ->       "type": "drun",
Line 6: wrong number of fields ->       "model": "kiril",
Line 7: wrong number of fields ->       "capacity": 50.0,
Line 8: wrong number of fields ->       "seats": 100,
Line 9: wrong number of fields ->       "releaseDate": "02:01:07",
Line 10: wrong number of fields ->       "price": 1.0
Line 11: wrong number of fields ->     },
Line 12: wrong number of fields ->     {
Line 13: wrong number of fields ->       "id": 2,
Line 14: wrong number of fields ->       "type": "pis",
Line 15: wrong number of fields ->       "model": "ka",
Line 16: wrong number of fields ->       "capacity": 31.0,
Line 17: wrong number of fields ->       "seats": 50,
Line 18: wrong number of fields ->       "releaseDate": "11:05:07",
Line 19: wrong number of fields ->       "price": 13000.0
Line 20: wrong number of fields ->     },
Line 21: wrong number of fields ->     {
Line 22: wrong number of fields ->       "id": 1456,
Line 23: wrong number of fields ->       "type": "pisun",
Line 24: wrong number of fields ->       "model": "sasun",
Line 25: wrong number of fields ->       "capacity": 40.0,
Line 26: wrong number of fields ->       "seats": 60,
Line 27: wrong number of fields ->       "releaseDate": "11:09:01",
Line 28: wrong number of fields ->       "price": 16000.0
Line 29: wrong number of fields ->     },
Line 30: wrong number of fields ->     {
Line 31: wrong number of fields ->       "id": 12,
Line 32: wrong number of fields ->       "type": "bibis",
Line 33: wrong number of fields ->       "model": "13xv7",
Line 34: wrong number of fields ->       "capacity": 60.0,
Line 35: wrong number of fields ->       "seats": 10,
Line 36: wrong number of fields ->       "releaseDate": "23:07:10",
Line 37: wrong number of fields ->       "price": 60000.0
Line 38: wrong number of fields ->     }
Line 39: wrong number of fields ->   ]
Line 40: wrong number of fields -> }
Line 1: wrong number of fields -> {
Line 2: wrong number of fields ->   "wagons": [
Line 3: wrong number of fields ->     {
Line 4: wrong number of fields ->       "id": 1337,
Line 5: wrong number of fields ->       "type": "drun",
Line 6: wrong number of fields ->       "model": "kiril",
Line 7: wrong number of fields ->       "capacity": 50.0,
Line 8: wrong number of fields ->       "seats": 100,
Line 9: wrong number of fields ->       "releaseDate": "02:01:07",
Line 10: wrong number of fields ->       "price": 1.0
Line 11: wrong number of fields ->     },
Line 12: wrong number of fields ->     {
Line 13: wrong number of fields ->       "id": 2,
Line 14: wrong number of fields ->       "type": "pis",
Line 15: wrong number of fields ->       "model": "ka",
Line 16: wrong number of fields ->       "capacity": 31.0,
Line 17: wrong number of fields ->       "seats": 50,
Line 18: wrong number of fields ->       "releaseDate": "11:05:07",
Line 19: wrong number of fields ->       "price": 13000.0
Line 20: wrong number of fields ->     },
Line 21: wrong number of fields ->     {
Line 22: wrong number of fields ->       "id": 1456,
Line 23: wrong number of fields ->       "type": "pisun",
Line 24: wrong number of fields ->       "model": "sasun",
Line 25: wrong number of fields ->       "capacity": 40.0,
Line 26: wrong number of fields ->       "seats": 60,
Line 27: wrong number of fields ->       "releaseDate": "11:09:01",
Line 28: wrong number of fields ->       "price": 16000.0
Line 29: wrong number of fields ->     },
Line 30: wrong number of fields ->     {
Line 31: wrong number of fields ->       "id": 12,
Line 32: wrong number of fields ->       "type": "bibis",
Line 33: wrong number of fields ->       "model": "13xv7",
Line 34: wrong number of fields ->       "capacity": 60.0,
Line 35: wrong number of fields ->       "seats": 10,
Line 36: wrong number of fields ->       "releaseDate": "23:07:10",
Line 37: wrong number of fields ->       "price": 60000.0
Line 38: wrong number of fields ->     }
Line 39: wrong number of fields ->   ]
Line 40: wrong number of fields -> }
Line 5: invalid data -> 1;pipa;17k;45.00;50;11:09:01;7000.00рвоы ; cause: For input string: "7000.00рвоы"
Line 1: wrong number of fields -> {
Line 2: wrong number of fields ->   "wagons": [
Line 3: wrong number of fields ->     {
Line 4: wrong number of fields ->       "id": 1337,
Line 5: wrong number of fields ->       "type": "drun",
Line 6: wrong number of fields ->       "model": "kiril",
Line 7: wrong number of fields ->       "capacity": 50.0,
Line 8: wrong number of fields ->       "seats": 100,
Line 9: wrong number of fields ->       "releaseDate": "02:01:07",
Line 10: wrong number of fields ->       "price": 1.0
Line 11: wrong number of fields ->     },
Line 12: wrong number of fields ->     {
Line 13: wrong number of fields ->       "id": 2,
Line 14: wrong number of fields ->       "type": "pis",
Line 15: wrong number of fields ->       "model": "ka",
Line 16: wrong number of fields ->       "capacity": 31.0,
Line 17: wrong number of fields ->       "seats": 50,
Line 18: wrong number of fields ->       "releaseDate": "11:05:07",
Line 19: wrong number of fields ->       "price": 13000.0
Line 20: wrong number of fields ->     },
Line 21: wrong number of fields ->     {
Line 22: wrong number of fields ->       "id": 1456,
Line 23: wrong number of fields ->       "type": "pisun",
Line 24: wrong number of fields ->       "model": "sasun",
Line 25: wrong number of fields ->       "capacity": 40.0,
Line 26: wrong number of fields ->       "seats": 60,
Line 27: wrong number of fields ->       "releaseDate": "11:09:01",
Line 28: wrong number of fields ->       "price": 16000.0
Line 29: wrong number of fields ->     },
Line 30: wrong number of fields ->     {
Line 31: wrong number of fields ->       "id": 12,
Line 32: wrong number of fields ->       "type": "bibis",
Line 33: wrong number of fields ->       "model": "13xv7",
Line 34: wrong number of fields ->       "capacity": 60.0,
Line 35: wrong number of fields ->       "seats": 10,
Line 36: wrong number of fields ->       "releaseDate": "23:07:10",
Line 37: wrong number of fields ->       "price": 60000.0
Line 38: wrong number of fields ->     }
Line 39: wrong number of fields ->   ]
Line 40: wrong number of fields -> }
Line 5: invalid data -> 1;pipa;17k;45.00;50;11:09:01;7000.00рвоы ; cause: For input string: "7000.00рвоы"
Line 5: invalid data -> 1;pipa;17k;45.00;50;11:09:01;7000.00рвоы ; cause: For input string: "7000.00рвоы"
Line 5: invalid data -> 1;pipa;17k;45.00;50;11:09:01;7000.00рвоы ; cause: For input string: "7000.00рвоы"
Line 5: invalid data -> 1;pipa;17k;45.00;50;11:09:01;7000.00рвоы ; cause: For input string: "7000.00рвоы"
Line 5: invalid data -> 1;pipa;17k;45.00;50;11:09:01;7000.00рвоы ; cause: For input string: "7000.00рвоы"
Line 5: invalid data -> 1;pipa;17k;45.00;50;11:09:01;7000.00рвоы ; cause: For input string: "7000.00рвоы"
